0 info it worked if it ends with ok
1 verbose cli [ 'C:\\Program Files\\nodejs\\node.exe',
1 verbose cli   'C:\\Program Files\\nodejs\\node_modules\\npm\\bin\\npm-cli.js',
1 verbose cli   'install' ]
2 info using npm@2.14.20
3 info using node@v4.4.0
4 verbose readDependencies loading dependencies from D:\xampp\htdocs\fantasy\app\webroot\insert\package.json
5 error install Couldn't read dependencies
6 verbose stack Error: Failed to parse json
6 verbose stack Unexpected token 'm' at 15:8
6 verbose stack       "mysql" : "*"
6 verbose stack        ^
6 verbose stack     at parseError (C:\Program Files\nodejs\node_modules\npm\node_modules\read-package-json\read-json.js:379:11)
6 verbose stack     at parseJson (C:\Program Files\nodejs\node_modules\npm\node_modules\read-package-json\read-json.js:68:23)
6 verbose stack     at C:\Program Files\nodejs\node_modules\npm\node_modules\read-package-json\read-json.js:48:5
6 verbose stack     at C:\Program Files\nodejs\node_modules\npm\node_modules\graceful-fs\graceful-fs.js:78:16
6 verbose stack     at FSReqWrap.readFileAfterClose [as oncomplete] (fs.js:380:3)
7 verbose cwd D:\xampp\htdocs\fantasy\app\webroot\insert
8 error Windows_NT 5.1.2600
9 error argv "C:\\Program Files\\nodejs\\node.exe" "C:\\Program Files\\nodejs\\node_modules\\npm\\bin\\npm-cli.js" "install"
10 error node v4.4.0
11 error npm  v2.14.20
12 error file D:\xampp\htdocs\fantasy\app\webroot\insert\package.json
13 error code EJSONPARSE
14 error Failed to parse json
14 error Unexpected token 'm' at 15:8
14 error       "mysql" : "*"
14 error        ^
15 error File: D:\xampp\htdocs\fantasy\app\webroot\insert\package.json
16 error Failed to parse package.json data.
16 error package.json must be actual JSON, not just JavaScript.
16 error
16 error This is not a bug in npm.
16 error Tell the package author to fix their package.json file. JSON.parse
17 verbose exit [ 1, true ]
